{"_message":"User validation failed","errors":{"password":{"kind":"minlength","message":"Path `password` (`12345`) is shorter than the minimum allowed length (6).","name":"ValidatorError","path":"password","properties":{"message":"Path `password` (`12345`) is shorter than the minimum allowed length (6).","minlength":6,"path":"password","type":"minlength","value":"12345"},"value":"12345"}},"level":"error","message":"Error registering user: User validation failed: password: Path `password` (`12345`) is shorter than the minimum allowed length (6).","stack":"ValidationError: User validation failed: password: Path `password` (`12345`) is shorter than the minimum allowed length (6).\n    at Document.invalidate (C:\\Users\\Hussien\\Desktop\\nextjs\\tech-store\\node_modules\\mongoose\\lib\\document.js:3318:32)\n    at C:\\Users\\Hussien\\Desktop\\nextjs\\tech-store\\node_modules\\mongoose\\lib\\document.js:3079:17\n    at C:\\Users\\Hussien\\Desktop\\nextjs\\tech-store\\node_modules\\mongoose\\lib\\schemaType.js:1388:9\n    at process.processTicksAndRejections (node:internal/process/task_queues:77:11)","timestamp":"2024-12-14T19:54:19.032Z"}
{"code":"EDNS","command":"CONN","errno":-3008,"hostname":"smtp.example.com","level":"error","message":"Failed to send email to hussien@gmail.com: getaddrinfo ENOTFOUND smtp.example.com","stack":"Error: getaddrinfo ENOTFOUND smtp.example.com\n    at __node_internal_captureLargerStackTrace (node:internal/errors:563:5)\n    at __node_internal_ (node:internal/errors:782:10)\n    at GetAddrInfoReqWrap.onlookupall [as oncomplete] (node:dns:118:26)\n    at GetAddrInfoReqWrap.callbackTrampoline (node:internal/async_hooks:130:17)","syscall":"getaddrinfo","timestamp":"2024-12-14T19:55:34.318Z"}
{"level":"error","message":"Error registering user: Email sending failed","stack":"Error: Email sending failed\n    at sendEmail (C:\\Users\\Hussien\\Desktop\\nextjs\\tech-store\\.next\\server\\chunks\\[root of the server]__d15832._.js:278:15)\n    at async POST (C:\\Users\\Hussien\\Desktop\\nextjs\\tech-store\\.next\\server\\chunks\\[root of the server]__d15832._.js:412:9)\n    at async AppRouteRouteModule.do (C:\\Users\\Hussien\\Desktop\\nextjs\\tech-store\\node_modules\\next\\dist\\compiled\\next-server\\app-route.runtime.dev.js:10:33313)\n    at async AppRouteRouteModule.handle (C:\\Users\\Hussien\\Desktop\\nextjs\\tech-store\\node_modules\\next\\dist\\compiled\\next-server\\app-route.runtime.dev.js:10:40382)\n    at async doRender (C:\\Users\\Hussien\\Desktop\\nextjs\\tech-store\\node_modules\\next\\dist\\server\\base-server.js:1455:42)\n    at async responseGenerator (C:\\Users\\Hussien\\Desktop\\nextjs\\tech-store\\node_modules\\next\\dist\\server\\base-server.js:1814:28)\n    at async DevServer.renderToResponseWithComponentsImpl (C:\\Users\\Hussien\\Desktop\\nextjs\\tech-store\\node_modules\\next\\dist\\server\\base-server.js:1824:28)\n    at async DevServer.renderPageComponent (C:\\Users\\Hussien\\Desktop\\nextjs\\tech-store\\node_modules\\next\\dist\\server\\base-server.js:2240:24)\n    at async DevServer.renderToResponseImpl (C:\\Users\\Hussien\\Desktop\\nextjs\\tech-store\\node_modules\\next\\dist\\server\\base-server.js:2278:32)\n    at async DevServer.pipeImpl (C:\\Users\\Hussien\\Desktop\\nextjs\\tech-store\\node_modules\\next\\dist\\server\\base-server.js:960:25)\n    at async NextNodeServer.handleCatchallRenderRequest (C:\\Users\\Hussien\\Desktop\\nextjs\\tech-store\\node_modules\\next\\dist\\server\\next-server.js:281:17)\n    at async DevServer.handleRequestImpl (C:\\Users\\Hussien\\Desktop\\nextjs\\tech-store\\node_modules\\next\\dist\\server\\base-server.js:853:17)\n    at async C:\\Users\\Hussien\\Desktop\\nextjs\\tech-store\\node_modules\\next\\dist\\server\\dev\\next-dev-server.js:373:20\n    at async Span.traceAsyncFn (C:\\Users\\Hussien\\Desktop\\nextjs\\tech-store\\node_modules\\next\\dist\\trace\\trace.js:153:20)\n    at async DevServer.handleRequest (C:\\Users\\Hussien\\Desktop\\nextjs\\tech-store\\node_modules\\next\\dist\\server\\dev\\next-dev-server.js:370:24)\n    at async invokeRender (C:\\Users\\Hussien\\Desktop\\nextjs\\tech-store\\node_modules\\next\\dist\\server\\lib\\router-server.js:183:21)\n    at async handleRequest (C:\\Users\\Hussien\\Desktop\\nextjs\\tech-store\\node_modules\\next\\dist\\server\\lib\\router-server.js:360:24)\n    at async requestHandlerImpl (C:\\Users\\Hussien\\Desktop\\nextjs\\tech-store\\node_modules\\next\\dist\\server\\lib\\router-server.js:384:13)\n    at async Server.requestListener (C:\\Users\\Hussien\\Desktop\\nextjs\\tech-store\\node_modules\\next\\dist\\server\\lib\\start-server.js:142:13)","timestamp":"2024-12-14T19:55:34.322Z"}
{"level":"warn","message":"Registration attempt with already registered email: hussien@gmail.com","timestamp":"2024-12-14T20:52:09.537Z"}
{"level":"info","message":"Email sent to hussien@gmail.com with subject: Email Confirmation","timestamp":"2024-12-14T20:53:29.300Z"}
{"level":"info","message":"User registered successfully: hussien@gmail.com","timestamp":"2024-12-14T20:53:29.302Z"}
{"_message":"User validation failed","errors":{"name":{"kind":"required","message":"Path `name` is required.","name":"ValidatorError","path":"name","properties":{"message":"Path `name` is required.","path":"name","type":"required"}}},"level":"error","message":"Error registering user: User validation failed: name: Path `name` is required.","stack":"ValidationError: User validation failed: name: Path `name` is required.\n    at Document.invalidate (C:\\Users\\Hussien\\Desktop\\nextjs\\tech-store\\node_modules\\mongoose\\lib\\document.js:3318:32)\n    at C:\\Users\\Hussien\\Desktop\\nextjs\\tech-store\\node_modules\\mongoose\\lib\\document.js:3079:17\n    at C:\\Users\\Hussien\\Desktop\\nextjs\\tech-store\\node_modules\\mongoose\\lib\\schemaType.js:1388:9\n    at process.processTicksAndRejections (node:internal/process/task_queues:77:11)","timestamp":"2024-12-14T21:05:09.703Z"}
{"level":"info","message":"Email sent to test1@gmail.com with subject: Email Confirmation","timestamp":"2024-12-14T21:05:48.237Z"}
{"level":"info","message":"User registered successfully: test1@gmail.com","timestamp":"2024-12-14T21:05:48.239Z"}
{"_message":"User validation failed","errors":{"name":{"kind":"required","message":"Path `name` is required.","name":"ValidatorError","path":"name","properties":{"message":"Path `name` is required.","path":"name","type":"required"}}},"level":"error","message":"Error registering user: User validation failed: name: Path `name` is required.","stack":"ValidationError: User validation failed: name: Path `name` is required.\n    at Document.invalidate (C:\\Users\\Hussien\\Desktop\\nextjs\\tech-store\\node_modules\\mongoose\\lib\\document.js:3318:32)\n    at C:\\Users\\Hussien\\Desktop\\nextjs\\tech-store\\node_modules\\mongoose\\lib\\document.js:3079:17\n    at C:\\Users\\Hussien\\Desktop\\nextjs\\tech-store\\node_modules\\mongoose\\lib\\schemaType.js:1388:9\n    at process.processTicksAndRejections (node:internal/process/task_queues:77:11)","timestamp":"2024-12-14T21:08:16.845Z"}
{"level":"warn","message":"Registration attempt with already registered email: test1@gmail.com","timestamp":"2024-12-14T21:59:32.473Z"}
{"_message":"User validation failed","errors":{"name":{"kind":"required","message":"Path `name` is required.","name":"ValidatorError","path":"name","properties":{"message":"Path `name` is required.","path":"name","type":"required"}}},"level":"error","message":"Error registering user: User validation failed: name: Path `name` is required.","stack":"ValidationError: User validation failed: name: Path `name` is required.\n    at Document.invalidate (C:\\Users\\Hussien\\Desktop\\nextjs\\tech-store\\node_modules\\mongoose\\lib\\document.js:3318:32)\n    at C:\\Users\\Hussien\\Desktop\\nextjs\\tech-store\\node_modules\\mongoose\\lib\\document.js:3079:17\n    at C:\\Users\\Hussien\\Desktop\\nextjs\\tech-store\\node_modules\\mongoose\\lib\\schemaType.js:1388:9\n    at process.processTicksAndRejections (node:internal/process/task_queues:77:11)","timestamp":"2024-12-14T21:59:58.310Z"}
{"level":"info","message":"Email sent to test1@gmail.com with subject: Email Confirmation","timestamp":"2024-12-14T22:07:32.208Z"}
{"level":"info","message":"User registered successfully: test1@gmail.com","timestamp":"2024-12-14T22:07:32.210Z"}
{"level":"info","message":"Email sent to test@gmail.com with subject: Email Confirmation","timestamp":"2024-12-15T06:18:17.881Z"}
{"level":"info","message":"User registered successfully: test@gmail.com","timestamp":"2024-12-15T06:18:17.884Z"}
{"level":"info","message":"Email sent to test@gmail.com with subject: Email Confirmation","timestamp":"2024-12-15T06:30:23.410Z"}
{"level":"info","message":"User registered successfully: test@gmail.com","timestamp":"2024-12-15T06:30:23.412Z"}
{"code":11000,"errorResponse":{"code":11000,"errmsg":"E11000 duplicate key error collection: tech-store.users index: name_1 dup key: { name: \"test\" }","index":0,"keyPattern":{"name":1},"keyValue":{"name":"test"}},"index":0,"keyPattern":{"name":1},"keyValue":{"name":"test"},"level":"error","message":"Error registering user: E11000 duplicate key error collection: tech-store.users index: name_1 dup key: { name: \"test\" }","stack":"MongoServerError: E11000 duplicate key error collection: tech-store.users index: name_1 dup key: { name: \"test\" }\n    at InsertOneOperation.execute (C:\\Users\\Hussien\\Desktop\\nextjs\\tech-store\\node_modules\\mongodb\\lib\\operations\\insert.js:51:19)\n    at process.processTicksAndRejections (node:internal/process/task_queues:95:5)\n    at async tryOperation (C:\\Users\\Hussien\\Desktop\\nextjs\\tech-store\\node_modules\\mongodb\\lib\\operations\\execute_operation.js:199:20)\n    at async executeOperation (C:\\Users\\Hussien\\Desktop\\nextjs\\tech-store\\node_modules\\mongodb\\lib\\operations\\execute_operation.js:69:16)\n    at async Collection.insertOne (C:\\Users\\Hussien\\Desktop\\nextjs\\tech-store\\node_modules\\mongodb\\lib\\collection.js:154:16)","timestamp":"2024-12-15T06:57:48.764Z"}
{"level":"info","message":"Email sent to husseintawhidi710@gmail.com with subject: Email Confirmation","timestamp":"2024-12-15T06:59:49.378Z"}
{"level":"info","message":"User registered successfully: husseintawhidi710@gmail.com","timestamp":"2024-12-15T06:59:49.379Z"}
{"level":"info","message":"Email sent to husseintawhidi710@gmail.com with subject: Email Confirmation","timestamp":"2024-12-15T07:03:14.227Z"}
{"level":"info","message":"User registered successfully: husseintawhidi710@gmail.com","timestamp":"2024-12-15T07:03:14.229Z"}
{"level":"warn","message":"Registration attempt with already registered email: husseintawhidi710@gmail.com","timestamp":"2024-12-15T07:11:18.144Z"}
{"level":"info","message":"Email sent to husseintawhidi710@gmail.com with subject: Email Confirmation","timestamp":"2024-12-15T07:11:49.538Z"}
{"level":"info","message":"User registered successfully: husseintawhidi710@gmail.com","timestamp":"2024-12-15T07:11:49.541Z"}
{"level":"info","message":"Email sent to husseintawhidi710@gmail.com with subject: Email Confirmation","timestamp":"2024-12-15T07:18:23.759Z"}
{"level":"info","message":"User registered successfully: husseintawhidi710@gmail.com","timestamp":"2024-12-15T07:18:23.761Z"}
{"level":"info","message":"Email sent to husseintawhidi710@gmail.com with subject: Email Confirmation","timestamp":"2024-12-15T07:28:55.454Z"}
{"level":"info","message":"User registered successfully: husseintawhidi710@gmail.com","timestamp":"2024-12-15T07:28:55.458Z"}
{"level":"info","message":"Email sent to husseintawhidi710@gmail.com with subject: Email Confirmation","timestamp":"2024-12-15T07:31:00.625Z"}
{"level":"info","message":"User registered successfully: husseintawhidi710@gmail.com","timestamp":"2024-12-15T07:31:00.634Z"}
{"level":"info","message":"Email sent to husseintawhidi710@gmail.com with subject: Email Confirmation","timestamp":"2024-12-15T07:34:04.965Z"}
{"level":"info","message":"User registered successfully: husseintawhidi710@gmail.com","timestamp":"2024-12-15T07:34:04.966Z"}
{"level":"info","message":"Email sent to husseintawhidi710@gmail.com with subject: Email Confirmation","timestamp":"2024-12-15T07:37:54.296Z"}
{"level":"info","message":"User registered successfully: husseintawhidi710@gmail.com","timestamp":"2024-12-15T07:37:54.297Z"}
{"level":"info","message":"Email sent to husseintawhidi710@gmail.com with subject: Email Confirmation","timestamp":"2024-12-15T07:41:18.908Z"}
{"level":"info","message":"User registered successfully: husseintawhidi710@gmail.com","timestamp":"2024-12-15T07:41:18.910Z"}
{"level":"info","message":"Email sent to husseintawhidi710@gmail.com with subject: Email Confirmation","timestamp":"2024-12-15T07:47:46.458Z"}
{"level":"info","message":"User registered successfully: husseintawhidi710@gmail.com","timestamp":"2024-12-15T07:47:46.459Z"}
{"level":"warn","message":"Registration attempt with already registered email: husseintawhidi710@gmail.com","timestamp":"2024-12-15T07:50:12.093Z"}
{"level":"info","message":"Email sent to husseintawhidi710@gmail.com with subject: Email Confirmation","timestamp":"2024-12-15T07:50:33.950Z"}
{"level":"info","message":"User registered successfully: husseintawhidi710@gmail.com","timestamp":"2024-12-15T07:50:33.951Z"}
{"level":"info","message":"Email sent to husseintawhidi710@gmail.com with subject: Email Confirmation","timestamp":"2024-12-15T07:55:17.807Z"}
{"level":"info","message":"User registered successfully: husseintawhidi710@gmail.com","timestamp":"2024-12-15T07:55:17.809Z"}
{"level":"info","message":"Email sent to husseintawhidi710@gmail.com with subject: CONFIRM_EMAIL","timestamp":"2024-12-15T08:06:32.504Z"}
{"level":"info","message":"User registered successfully: husseintawhidi710@gmail.com","timestamp":"2024-12-15T08:06:32.507Z"}
{"level":"info","message":"Email sent to husseintawhidi710@gmail.com with subject: CONFIRM_EMAIL","timestamp":"2024-12-15T08:10:13.051Z"}
{"level":"info","message":"User registered successfully: husseintawhidi710@gmail.com","timestamp":"2024-12-15T08:10:13.054Z"}
{"level":"warn","message":"Registration attempt with already registered email: husseintawhidi710@gmail.com","timestamp":"2024-12-15T08:13:20.115Z"}
{"level":"info","message":"Email sent to husseintawhidi710@gmail.com with subject: CONFIRM_EMAIL","timestamp":"2024-12-15T08:13:47.215Z"}
{"level":"info","message":"User registered successfully: husseintawhidi710@gmail.com","timestamp":"2024-12-15T08:13:47.217Z"}
{"level":"warn","message":"Registration attempt with already registered email: husseintawhidi710@gmail.com","timestamp":"2024-12-15T09:45:13.117Z"}
{"level":"info","message":"Email sent to husseintawhidi710@gmail.com with subject: CONFIRM_EMAIL","timestamp":"2024-12-15T09:45:45.186Z"}
{"level":"info","message":"User registered successfully: husseintawhidi710@gmail.com","timestamp":"2024-12-15T09:45:45.188Z"}
{"level":"info","message":"Email sent to husseintawhidi710@gmail.com with subject: CONFIRM_EMAIL","timestamp":"2024-12-15T09:47:03.438Z"}
{"level":"info","message":"User registered successfully: husseintawhidi710@gmail.com","timestamp":"2024-12-15T09:47:03.442Z"}
{"level":"info","message":"Email sent to husseintawhidi710@gmail.com with subject: CONFIRM_EMAIL","timestamp":"2024-12-15T09:48:06.477Z"}
{"level":"info","message":"User registered successfully: husseintawhidi710@gmail.com","timestamp":"2024-12-15T09:48:06.479Z"}
{"level":"info","message":"Email sent to husseintawhidi710@gmail.com with subject: CONFIRM_EMAIL","timestamp":"2024-12-15T09:49:37.045Z"}
{"level":"info","message":"User registered successfully: husseintawhidi710@gmail.com","timestamp":"2024-12-15T09:49:37.052Z"}
{"level":"info","message":"Email sent to husseintawhidi710@gmail.com with subject: CONFIRM_EMAIL","timestamp":"2024-12-15T09:50:47.222Z"}
{"level":"info","message":"User registered successfully: husseintawhidi710@gmail.com","timestamp":"2024-12-15T09:50:47.225Z"}
{"level":"info","message":"Email sent to husseintawhidi710@gmail.com with subject: CONFIRM_EMAIL","timestamp":"2024-12-15T09:54:57.032Z"}
{"level":"info","message":"User registered successfully: husseintawhidi710@gmail.com","timestamp":"2024-12-15T09:54:57.039Z"}
{"level":"warn","message":"Registration attempt with already registered email: husseintawhidi710@gmail.com","timestamp":"2024-12-15T09:58:12.563Z"}
{"level":"info","message":"Email sent to husseintawhidi710@gmail.com with subject: CONFIRM_EMAIL","timestamp":"2024-12-15T09:58:24.768Z"}
{"level":"info","message":"User registered successfully: husseintawhidi710@gmail.com","timestamp":"2024-12-15T09:58:24.770Z"}
{"level":"info","message":"Email sent to husseintawhidi710@gmail.com with subject: CONFIRM_EMAIL","timestamp":"2024-12-15T10:01:49.958Z"}
{"level":"info","message":"User registered successfully: husseintawhidi710@gmail.com","timestamp":"2024-12-15T10:01:49.963Z"}
{"level":"info","message":"Email sent to husseintawhidi710@gmail.com with subject: CONFIRM_EMAIL","timestamp":"2024-12-15T10:05:15.092Z"}
{"level":"info","message":"User registered successfully: husseintawhidi710@gmail.com","timestamp":"2024-12-15T10:05:15.095Z"}
{"level":"info","message":"Email sent to husseintawhidi710@gmail.com with subject: CONFIRM_EMAIL","timestamp":"2024-12-15T10:07:08.991Z"}
{"level":"info","message":"User registered successfully: husseintawhidi710@gmail.com","timestamp":"2024-12-15T10:07:08.994Z"}
{"level":"info","message":"Email sent to husseintawhidi710@gmail.com with subject: CONFIRM_EMAIL","timestamp":"2024-12-15T10:08:42.345Z"}
{"level":"info","message":"User registered successfully: husseintawhidi710@gmail.com","timestamp":"2024-12-15T10:08:42.346Z"}
{"level":"info","message":"Email sent to husseintawhidi710@gmail.com with subject: CONFIRM_EMAIL","timestamp":"2024-12-15T10:10:32.594Z"}
{"level":"info","message":"User registered successfully: husseintawhidi710@gmail.com","timestamp":"2024-12-15T10:10:32.595Z"}
{"level":"info","message":"Email sent to test@test.com with subject: CONFIRM_EMAIL","timestamp":"2024-12-15T10:25:56.347Z"}
{"level":"info","message":"User registered successfully: test@test.com","timestamp":"2024-12-15T10:25:56.352Z"}
{"level":"warn","message":"Registration attempt with already registered email: test@test.com","timestamp":"2024-12-15T10:27:07.921Z"}
{"level":"info","message":"Email sent to test@test.com with subject: CONFIRM_EMAIL","timestamp":"2024-12-15T10:27:48.461Z"}
{"level":"info","message":"User registered successfully: test@test.com","timestamp":"2024-12-15T10:27:48.462Z"}
{"level":"error","message":"Error in credentials provider: Invalid password","timestamp":"2024-12-15T10:29:57.664Z"}
{"level":"error","message":"Error in credentials provider: Invalid password","timestamp":"2024-12-15T10:31:42.434Z"}
{"level":"info","message":"Email sent to test@test.com with subject: CONFIRM_EMAIL","timestamp":"2024-12-15T10:39:03.187Z"}
{"level":"info","message":"User registered successfully: test@test.com","timestamp":"2024-12-15T10:39:03.189Z"}
{"level":"info","message":"Email sent to test@test.com with subject: CONFIRM_EMAIL","timestamp":"2024-12-15T10:40:43.494Z"}
{"level":"info","message":"User registered successfully: test@test.com","timestamp":"2024-12-15T10:40:43.496Z"}
{"level":"error","message":"Error in credentials provider: User not found","timestamp":"2024-12-16T06:41:19.046Z"}
{"level":"error","message":"Error in credentials provider: User not found","timestamp":"2024-12-16T09:24:29.835Z"}
{"level":"error","message":{},"timestamp":"2024-12-20T08:40:36.918Z"}
{"level":"error","message":{},"timestamp":"2024-12-20T08:42:44.241Z"}
{"level":"error","message":{},"timestamp":"2024-12-20T08:44:28.445Z"}
{"level":"error","message":{},"timestamp":"2024-12-20T08:45:23.201Z"}
{"level":"error","message":{},"timestamp":"2024-12-20T08:46:08.577Z"}
{"level":"error","message":{},"timestamp":"2024-12-20T08:47:17.881Z"}
{"level":"error","message":{},"timestamp":"2024-12-20T08:49:05.987Z"}
{"level":"error","message":{},"timestamp":"2024-12-21T04:21:02.381Z"}
{"level":"error","message":{},"timestamp":"2024-12-21T04:22:51.872Z"}
{"level":"warn","message":"ERROR IN ORDER CREATING: TypeError: Cannot read properties of undefined (reading 'email')","timestamp":"2024-12-21T04:46:51.925Z"}
{"level":"warn","message":"ERROR IN ORDER CREATING: TypeError: Cannot read properties of undefined (reading 'email')","timestamp":"2024-12-21T04:52:55.055Z"}
{"level":"warn","message":"ERROR IN ORDER CREATING: ValidationError: discount: Path `discount` is required.","timestamp":"2024-12-21T05:08:52.692Z"}
{"level":"warn","message":"ERROR IN ORDER CREATING: ValidationError: discount: Path `discount` is required.","timestamp":"2024-12-21T05:13:42.772Z"}
{"level":"warn","message":"ERROR IN ORDER CREATING: ValidationError: discountPrice: Path `discountPrice` is required.","timestamp":"2024-12-21T05:15:30.358Z"}
{"_message":"users validation failed","errors":{"orders":{"kind":"ObjectId","message":"Cast to ObjectId failed for value \"{}\" (type Object) at path \"orders\" because of \"BSONError\"","name":"CastError","path":"orders","reason":{},"stringValue":"\"{}\"","value":{},"valueType":"Object"}},"level":"error","message":"Error registering user: users validation failed: orders: Cast to ObjectId failed for value \"{}\" (type Object) at path \"orders\" because of \"BSONError\"","stack":"ValidationError: users validation failed: orders: Cast to ObjectId failed for value \"{}\" (type Object) at path \"orders\" because of \"BSONError\"\n    at Document.invalidate (C:\\Users\\Hussien\\Desktop\\nextjs\\tech-store\\node_modules\\mongoose\\lib\\document.js:3318:32)\n    at applyDefaults (C:\\Users\\Hussien\\Desktop\\nextjs\\tech-store\\node_modules\\mongoose\\lib\\helpers\\document\\applyDefaults.js:104:17)\n    at model.Document (C:\\Users\\Hussien\\Desktop\\nextjs\\tech-store\\node_modules\\mongoose\\lib\\document.js:167:7)\n    at model.Model (C:\\Users\\Hussien\\Desktop\\nextjs\\tech-store\\node_modules\\mongoose\\lib\\model.js:128:12)\n    at new model (C:\\Users\\Hussien\\Desktop\\nextjs\\tech-store\\node_modules\\mongoose\\lib\\model.js:4689:15)\n    at POST (C:\\Users\\Hussien\\Desktop\\nextjs\\tech-store\\.next\\server\\chunks\\[root of the server]__c21b4e._.js:403:25)\n    at process.processTicksAndRejections (node:internal/process/task_queues:95:5)\n    at async AppRouteRouteModule.do (C:\\Users\\Hussien\\Desktop\\nextjs\\tech-store\\node_modules\\next\\dist\\compiled\\next-server\\app-route.runtime.dev.js:10:33313)\n    at async AppRouteRouteModule.handle (C:\\Users\\Hussien\\Desktop\\nextjs\\tech-store\\node_modules\\next\\dist\\compiled\\next-server\\app-route.runtime.dev.js:10:40382)\n    at async doRender (C:\\Users\\Hussien\\Desktop\\nextjs\\tech-store\\node_modules\\next\\dist\\server\\base-server.js:1455:42)\n    at async responseGenerator (C:\\Users\\Hussien\\Desktop\\nextjs\\tech-store\\node_modules\\next\\dist\\server\\base-server.js:1814:28)\n    at async DevServer.renderToResponseWithComponentsImpl (C:\\Users\\Hussien\\Desktop\\nextjs\\tech-store\\node_modules\\next\\dist\\server\\base-server.js:1824:28)\n    at async DevServer.renderPageComponent (C:\\Users\\Hussien\\Desktop\\nextjs\\tech-store\\node_modules\\next\\dist\\server\\base-server.js:2240:24)\n    at async DevServer.renderToResponseImpl (C:\\Users\\Hussien\\Desktop\\nextjs\\tech-store\\node_modules\\next\\dist\\server\\base-server.js:2278:32)\n    at async DevServer.pipeImpl (C:\\Users\\Hussien\\Desktop\\nextjs\\tech-store\\node_modules\\next\\dist\\server\\base-server.js:960:25)\n    at async NextNodeServer.handleCatchallRenderRequest (C:\\Users\\Hussien\\Desktop\\nextjs\\tech-store\\node_modules\\next\\dist\\server\\next-server.js:281:17)\n    at async DevServer.handleRequestImpl (C:\\Users\\Hussien\\Desktop\\nextjs\\tech-store\\node_modules\\next\\dist\\server\\base-server.js:853:17)\n    at async C:\\Users\\Hussien\\Desktop\\nextjs\\tech-store\\node_modules\\next\\dist\\server\\dev\\next-dev-server.js:373:20\n    at async Span.traceAsyncFn (C:\\Users\\Hussien\\Desktop\\nextjs\\tech-store\\node_modules\\next\\dist\\trace\\trace.js:153:20)\n    at async DevServer.handleRequest (C:\\Users\\Hussien\\Desktop\\nextjs\\tech-store\\node_modules\\next\\dist\\server\\dev\\next-dev-server.js:370:24)\n    at async invokeRender (C:\\Users\\Hussien\\Desktop\\nextjs\\tech-store\\node_modules\\next\\dist\\server\\lib\\router-server.js:183:21)\n    at async handleRequest (C:\\Users\\Hussien\\Desktop\\nextjs\\tech-store\\node_modules\\next\\dist\\server\\lib\\router-server.js:360:24)\n    at async requestHandlerImpl (C:\\Users\\Hussien\\Desktop\\nextjs\\tech-store\\node_modules\\next\\dist\\server\\lib\\router-server.js:384:13)\n    at async Server.requestListener (C:\\Users\\Hussien\\Desktop\\nextjs\\tech-store\\node_modules\\next\\dist\\server\\lib\\start-server.js:142:13)","timestamp":"2024-12-21T05:43:13.653Z"}
{"_message":"users validation failed","errors":{"orders":{"kind":"ObjectId","message":"Cast to ObjectId failed for value \"{}\" (type Object) at path \"orders\" because of \"BSONError\"","name":"CastError","path":"orders","reason":{},"stringValue":"\"{}\"","value":{},"valueType":"Object"}},"level":"error","message":"Error registering user: users validation failed: orders: Cast to ObjectId failed for value \"{}\" (type Object) at path \"orders\" because of \"BSONError\"","stack":"ValidationError: users validation failed: orders: Cast to ObjectId failed for value \"{}\" (type Object) at path \"orders\" because of \"BSONError\"\n    at Document.invalidate (C:\\Users\\Hussien\\Desktop\\nextjs\\tech-store\\node_modules\\mongoose\\lib\\document.js:3318:32)\n    at applyDefaults (C:\\Users\\Hussien\\Desktop\\nextjs\\tech-store\\node_modules\\mongoose\\lib\\helpers\\document\\applyDefaults.js:104:17)\n    at model.Document (C:\\Users\\Hussien\\Desktop\\nextjs\\tech-store\\node_modules\\mongoose\\lib\\document.js:167:7)\n    at model.Model (C:\\Users\\Hussien\\Desktop\\nextjs\\tech-store\\node_modules\\mongoose\\lib\\model.js:128:12)\n    at new model (C:\\Users\\Hussien\\Desktop\\nextjs\\tech-store\\node_modules\\mongoose\\lib\\model.js:4689:15)\n    at POST (C:\\Users\\Hussien\\Desktop\\nextjs\\tech-store\\.next\\server\\chunks\\[root of the server]__c21b4e._.js:403:25)\n    at process.processTicksAndRejections (node:internal/process/task_queues:95:5)\n    at async AppRouteRouteModule.do (C:\\Users\\Hussien\\Desktop\\nextjs\\tech-store\\node_modules\\next\\dist\\compiled\\next-server\\app-route.runtime.dev.js:10:33313)\n    at async AppRouteRouteModule.handle (C:\\Users\\Hussien\\Desktop\\nextjs\\tech-store\\node_modules\\next\\dist\\compiled\\next-server\\app-route.runtime.dev.js:10:40382)\n    at async doRender (C:\\Users\\Hussien\\Desktop\\nextjs\\tech-store\\node_modules\\next\\dist\\server\\base-server.js:1455:42)\n    at async responseGenerator (C:\\Users\\Hussien\\Desktop\\nextjs\\tech-store\\node_modules\\next\\dist\\server\\base-server.js:1814:28)\n    at async DevServer.renderToResponseWithComponentsImpl (C:\\Users\\Hussien\\Desktop\\nextjs\\tech-store\\node_modules\\next\\dist\\server\\base-server.js:1824:28)\n    at async DevServer.renderPageComponent (C:\\Users\\Hussien\\Desktop\\nextjs\\tech-store\\node_modules\\next\\dist\\server\\base-server.js:2240:24)\n    at async DevServer.renderToResponseImpl (C:\\Users\\Hussien\\Desktop\\nextjs\\tech-store\\node_modules\\next\\dist\\server\\base-server.js:2278:32)\n    at async DevServer.pipeImpl (C:\\Users\\Hussien\\Desktop\\nextjs\\tech-store\\node_modules\\next\\dist\\server\\base-server.js:960:25)\n    at async NextNodeServer.handleCatchallRenderRequest (C:\\Users\\Hussien\\Desktop\\nextjs\\tech-store\\node_modules\\next\\dist\\server\\next-server.js:281:17)\n    at async DevServer.handleRequestImpl (C:\\Users\\Hussien\\Desktop\\nextjs\\tech-store\\node_modules\\next\\dist\\server\\base-server.js:853:17)\n    at async C:\\Users\\Hussien\\Desktop\\nextjs\\tech-store\\node_modules\\next\\dist\\server\\dev\\next-dev-server.js:373:20\n    at async Span.traceAsyncFn (C:\\Users\\Hussien\\Desktop\\nextjs\\tech-store\\node_modules\\next\\dist\\trace\\trace.js:153:20)\n    at async DevServer.handleRequest (C:\\Users\\Hussien\\Desktop\\nextjs\\tech-store\\node_modules\\next\\dist\\server\\dev\\next-dev-server.js:370:24)\n    at async invokeRender (C:\\Users\\Hussien\\Desktop\\nextjs\\tech-store\\node_modules\\next\\dist\\server\\lib\\router-server.js:183:21)\n    at async handleRequest (C:\\Users\\Hussien\\Desktop\\nextjs\\tech-store\\node_modules\\next\\dist\\server\\lib\\router-server.js:360:24)\n    at async requestHandlerImpl (C:\\Users\\Hussien\\Desktop\\nextjs\\tech-store\\node_modules\\next\\dist\\server\\lib\\router-server.js:384:13)\n    at async Server.requestListener (C:\\Users\\Hussien\\Desktop\\nextjs\\tech-store\\node_modules\\next\\dist\\server\\lib\\start-server.js:142:13)","timestamp":"2024-12-21T05:43:45.961Z"}
{"_message":"users validation failed","errors":{"email":{"kind":"required","message":"Please provide email","name":"ValidatorError","path":"email","properties":{"message":"Please provide email","path":"email","type":"required","value":""},"value":""},"name":{"kind":"required","message":"Please provide username","name":"ValidatorError","path":"name","properties":{"message":"Please provide username","path":"name","type":"required","value":""},"value":""},"orders":{"kind":"ObjectId","message":"Cast to ObjectId failed for value \"{}\" (type Object) at path \"orders\" because of \"BSONError\"","name":"CastError","path":"orders","reason":{},"stringValue":"\"{}\"","value":{},"valueType":"Object"}},"level":"error","message":"Error registering user: users validation failed: orders: Cast to ObjectId failed for value \"{}\" (type Object) at path \"orders\" because of \"BSONError\", name: Please provide username, email: Please provide email","stack":"ValidationError: users validation failed: orders: Cast to ObjectId failed for value \"{}\" (type Object) at path \"orders\" because of \"BSONError\", name: Please provide username, email: Please provide email\n    at Document.invalidate (C:\\Users\\Hussien\\Desktop\\nextjs\\tech-store\\node_modules\\mongoose\\lib\\document.js:3318:32)\n    at applyDefaults (C:\\Users\\Hussien\\Desktop\\nextjs\\tech-store\\node_modules\\mongoose\\lib\\helpers\\document\\applyDefaults.js:104:17)\n    at model.Document (C:\\Users\\Hussien\\Desktop\\nextjs\\tech-store\\node_modules\\mongoose\\lib\\document.js:167:7)\n    at model.Model (C:\\Users\\Hussien\\Desktop\\nextjs\\tech-store\\node_modules\\mongoose\\lib\\model.js:128:12)\n    at new model (C:\\Users\\Hussien\\Desktop\\nextjs\\tech-store\\node_modules\\mongoose\\lib\\model.js:4689:15)\n    at POST (C:\\Users\\Hussien\\Desktop\\nextjs\\tech-store\\.next\\server\\chunks\\[root of the server]__c21b4e._.js:403:25)\n    at process.processTicksAndRejections (node:internal/process/task_queues:95:5)\n    at async AppRouteRouteModule.do (C:\\Users\\Hussien\\Desktop\\nextjs\\tech-store\\node_modules\\next\\dist\\compiled\\next-server\\app-route.runtime.dev.js:10:33313)\n    at async AppRouteRouteModule.handle (C:\\Users\\Hussien\\Desktop\\nextjs\\tech-store\\node_modules\\next\\dist\\compiled\\next-server\\app-route.runtime.dev.js:10:40382)\n    at async doRender (C:\\Users\\Hussien\\Desktop\\nextjs\\tech-store\\node_modules\\next\\dist\\server\\base-server.js:1455:42)\n    at async responseGenerator (C:\\Users\\Hussien\\Desktop\\nextjs\\tech-store\\node_modules\\next\\dist\\server\\base-server.js:1814:28)\n    at async DevServer.renderToResponseWithComponentsImpl (C:\\Users\\Hussien\\Desktop\\nextjs\\tech-store\\node_modules\\next\\dist\\server\\base-server.js:1824:28)\n    at async DevServer.renderPageComponent (C:\\Users\\Hussien\\Desktop\\nextjs\\tech-store\\node_modules\\next\\dist\\server\\base-server.js:2240:24)\n    at async DevServer.renderToResponseImpl (C:\\Users\\Hussien\\Desktop\\nextjs\\tech-store\\node_modules\\next\\dist\\server\\base-server.js:2278:32)\n    at async DevServer.pipeImpl (C:\\Users\\Hussien\\Desktop\\nextjs\\tech-store\\node_modules\\next\\dist\\server\\base-server.js:960:25)\n    at async NextNodeServer.handleCatchallRenderRequest (C:\\Users\\Hussien\\Desktop\\nextjs\\tech-store\\node_modules\\next\\dist\\server\\next-server.js:281:17)\n    at async DevServer.handleRequestImpl (C:\\Users\\Hussien\\Desktop\\nextjs\\tech-store\\node_modules\\next\\dist\\server\\base-server.js:853:17)\n    at async C:\\Users\\Hussien\\Desktop\\nextjs\\tech-store\\node_modules\\next\\dist\\server\\dev\\next-dev-server.js:373:20\n    at async Span.traceAsyncFn (C:\\Users\\Hussien\\Desktop\\nextjs\\tech-store\\node_modules\\next\\dist\\trace\\trace.js:153:20)\n    at async DevServer.handleRequest (C:\\Users\\Hussien\\Desktop\\nextjs\\tech-store\\node_modules\\next\\dist\\server\\dev\\next-dev-server.js:370:24)\n    at async invokeRender (C:\\Users\\Hussien\\Desktop\\nextjs\\tech-store\\node_modules\\next\\dist\\server\\lib\\router-server.js:183:21)\n    at async handleRequest (C:\\Users\\Hussien\\Desktop\\nextjs\\tech-store\\node_modules\\next\\dist\\server\\lib\\router-server.js:360:24)\n    at async requestHandlerImpl (C:\\Users\\Hussien\\Desktop\\nextjs\\tech-store\\node_modules\\next\\dist\\server\\lib\\router-server.js:384:13)\n    at async Server.requestListener (C:\\Users\\Hussien\\Desktop\\nextjs\\tech-store\\node_modules\\next\\dist\\server\\lib\\start-server.js:142:13)","timestamp":"2024-12-21T05:43:53.981Z"}
{"level":"info","message":"Email sent to husseintawhidi710@gmail.com with subject: CONFIRM_EMAIL","timestamp":"2024-12-21T05:53:20.283Z"}
{"level":"info","message":"User registered successfully: husseintawhidi710@gmail.com","timestamp":"2024-12-21T05:53:20.285Z"}
{"level":"warn","message":"ERROR IN CATCHING PRODUCRS: MongooseError: Operation `products.find()` buffering timed out after 10000ms","timestamp":"2024-12-23T04:44:10.942Z"}
{"level":"warn","message":"ERROR IN CATCHING PRODUCRS: MongooseError: Operation `products.find()` buffering timed out after 10000ms","timestamp":"2024-12-23T04:44:21.125Z"}
{"level":"warn","message":"ERROR IN CATCHING PRODUCRS: MongooseError: Operation `products.find()` buffering timed out after 10000ms","timestamp":"2024-12-23T04:44:43.754Z"}
{"level":"warn","message":"ERROR IN CATCHING PRODUCRS: MongooseError: Operation `products.find()` buffering timed out after 10000ms","timestamp":"2024-12-23T04:44:53.918Z"}
{"level":"warn","message":"ERROR IN CATCHING PRODUCRS: MongooseError: Operation `products.find()` buffering timed out after 10000ms","timestamp":"2024-12-23T04:52:08.818Z"}
{"level":"warn","message":"ERROR IN CATCHING PRODUCRS: MongooseError: Operation `products.find()` buffering timed out after 10000ms","timestamp":"2024-12-23T04:52:19.027Z"}
{"level":"warn","message":"ERROR IN CATCHING PRODUCRS: MongooseError: Operation `products.find()` buffering timed out after 10000ms","timestamp":"2024-12-23T04:52:27.225Z"}
{"level":"warn","message":"ERROR IN CATCHING PRODUCRS: MongooseError: Operation `products.find()` buffering timed out after 10000ms","timestamp":"2024-12-23T04:52:27.233Z"}
{"level":"warn","message":"ERROR IN CATCHING PRODUCRS: MongooseError: Operation `products.find()` buffering timed out after 10000ms","timestamp":"2024-12-23T04:52:27.240Z"}
{"level":"warn","message":"ERROR IN CATCHING PRODUCRS: MongooseError: Operation `products.find()` buffering timed out after 10000ms","timestamp":"2024-12-23T04:52:27.277Z"}
{"level":"warn","message":"ERROR IN CATCHING PRODUCRS: MongooseError: Operation `products.find()` buffering timed out after 10000ms","timestamp":"2024-12-23T04:52:27.288Z"}
{"level":"warn","message":"ERROR IN CATCHING PRODUCRS: MongooseError: Operation `products.find()` buffering timed out after 10000ms","timestamp":"2024-12-23T04:52:29.182Z"}
{"level":"warn","message":"ERROR IN CATCHING PRODUCRS: MongooseError: Operation `products.find()` buffering timed out after 10000ms","timestamp":"2024-12-23T04:52:37.492Z"}
{"level":"warn","message":"ERROR IN CATCHING PRODUCRS: MongooseError: Operation `products.find()` buffering timed out after 10000ms","timestamp":"2024-12-23T04:52:37.504Z"}
{"level":"warn","message":"ERROR IN CATCHING PRODUCRS: MongooseError: Cannot call `products.find()` before initial connection is complete if `bufferCommands = false`. Make sure you `await mongoose.connect()` if you have `bufferCommands = false`.","timestamp":"2024-12-23T04:57:10.755Z"}
{"level":"warn","message":"ERROR IN CATCHING PRODUCRS: MongooseError: Cannot call `products.find()` before initial connection is complete if `bufferCommands = false`. Make sure you `await mongoose.connect()` if you have `bufferCommands = false`.","timestamp":"2024-12-23T04:57:11.021Z"}
{"level":"warn","message":"ERROR IN CATCHING PRODUCRS: MongooseError: Cannot call `products.find()` before initial connection is complete if `bufferCommands = false`. Make sure you `await mongoose.connect()` if you have `bufferCommands = false`.","timestamp":"2024-12-23T04:57:11.292Z"}
{"level":"warn","message":"ERROR IN CATCHING PRODUCRS: MongooseError: Cannot call `products.find()` before initial connection is complete if `bufferCommands = false`. Make sure you `await mongoose.connect()` if you have `bufferCommands = false`.","timestamp":"2024-12-23T04:57:11.563Z"}
{"level":"warn","message":"ERROR IN CATCHING PRODUCRS: MongooseError: Cannot call `products.find()` before initial connection is complete if `bufferCommands = false`. Make sure you `await mongoose.connect()` if you have `bufferCommands = false`.","timestamp":"2024-12-23T04:57:11.778Z"}
{"level":"warn","message":"ERROR IN CATCHING PRODUCRS: MongooseError: Cannot call `products.find()` before initial connection is complete if `bufferCommands = false`. Make sure you `await mongoose.connect()` if you have `bufferCommands = false`.","timestamp":"2024-12-23T04:57:12.044Z"}
{"level":"warn","message":"ERROR IN CATCHING PRODUCRS: MongooseError: Cannot call `products.find()` before initial connection is complete if `bufferCommands = false`. Make sure you `await mongoose.connect()` if you have `bufferCommands = false`.","timestamp":"2024-12-23T04:57:12.260Z"}
{"level":"warn","message":"ERROR IN CATCHING PRODUCRS: MongooseError: Cannot call `products.find()` before initial connection is complete if `bufferCommands = false`. Make sure you `await mongoose.connect()` if you have `bufferCommands = false`.","timestamp":"2024-12-23T04:57:12.507Z"}
{"level":"warn","message":"ERROR IN CATCHING PRODUCRS: MongooseError: Cannot call `products.find()` before initial connection is complete if `bufferCommands = false`. Make sure you `await mongoose.connect()` if you have `bufferCommands = false`.","timestamp":"2024-12-23T04:57:12.763Z"}
{"level":"warn","message":"ERROR IN CATCHING PRODUCRS: MongooseError: Cannot call `products.find()` before initial connection is complete if `bufferCommands = false`. Make sure you `await mongoose.connect()` if you have `bufferCommands = false`.","timestamp":"2024-12-23T04:57:13.024Z"}
{"level":"warn","message":"ERROR IN CATCHING PRODUCRS: MongooseError: Cannot call `products.find()` before initial connection is complete if `bufferCommands = false`. Make sure you `await mongoose.connect()` if you have `bufferCommands = false`.","timestamp":"2024-12-23T04:59:23.028Z"}
{"level":"warn","message":"ERROR IN CATCHING PRODUCRS: MongooseError: Cannot call `products.find()` before initial connection is complete if `bufferCommands = false`. Make sure you `await mongoose.connect()` if you have `bufferCommands = false`.","timestamp":"2024-12-23T04:59:23.343Z"}
{"level":"warn","message":"ERROR IN CATCHING PRODUCRS: MongooseError: Cannot call `products.find()` before initial connection is complete if `bufferCommands = false`. Make sure you `await mongoose.connect()` if you have `bufferCommands = false`.","timestamp":"2024-12-23T04:59:23.595Z"}
{"level":"warn","message":"ERROR IN CATCHING PRODUCRS: MongooseError: Cannot call `products.find()` before initial connection is complete if `bufferCommands = false`. Make sure you `await mongoose.connect()` if you have `bufferCommands = false`.","timestamp":"2024-12-23T04:59:23.833Z"}
{"level":"warn","message":"ERROR IN CATCHING PRODUCRS: MongooseError: Cannot call `products.find()` before initial connection is complete if `bufferCommands = false`. Make sure you `await mongoose.connect()` if you have `bufferCommands = false`.","timestamp":"2024-12-23T04:59:24.048Z"}
{"level":"warn","message":"ERROR IN CATCHING PRODUCRS: MongooseError: Cannot call `products.find()` before initial connection is complete if `bufferCommands = false`. Make sure you `await mongoose.connect()` if you have `bufferCommands = false`.","timestamp":"2024-12-23T04:59:24.293Z"}
{"level":"warn","message":"ERROR IN CATCHING PRODUCRS: MongooseError: Cannot call `products.find()` before initial connection is complete if `bufferCommands = false`. Make sure you `await mongoose.connect()` if you have `bufferCommands = false`.","timestamp":"2024-12-23T04:59:24.513Z"}
{"level":"warn","message":"ERROR IN CATCHING PRODUCRS: MongooseError: Cannot call `products.find()` before initial connection is complete if `bufferCommands = false`. Make sure you `await mongoose.connect()` if you have `bufferCommands = false`.","timestamp":"2024-12-23T04:59:24.791Z"}
{"level":"warn","message":"ERROR IN CATCHING PRODUCRS: MongooseError: Cannot call `products.find()` before initial connection is complete if `bufferCommands = false`. Make sure you `await mongoose.connect()` if you have `bufferCommands = false`.","timestamp":"2024-12-23T04:59:25.089Z"}
{"level":"warn","message":"ERROR IN CATCHING PRODUCRS: MongooseError: Cannot call `products.find()` before initial connection is complete if `bufferCommands = false`. Make sure you `await mongoose.connect()` if you have `bufferCommands = false`.","timestamp":"2024-12-23T04:59:25.323Z"}
{"level":"warn","message":"ERROR IN CATCHING PRODUCRS: MongooseError: Operation `products.find()` buffering timed out after 10000ms","timestamp":"2024-12-23T05:03:23.989Z"}
{"level":"warn","message":"ERROR IN CATCHING PRODUCRS: MongooseError: Operation `products.find()` buffering timed out after 10000ms","timestamp":"2024-12-23T05:03:34.211Z"}
{"level":"warn","message":"ERROR IN CATCHING PRODUCRS: MongooseError: Operation `products.find()` buffering timed out after 10000ms","timestamp":"2024-12-23T05:03:42.550Z"}
{"level":"warn","message":"ERROR IN CATCHING PRODUCRS: MongooseError: Operation `products.find()` buffering timed out after 10000ms","timestamp":"2024-12-23T05:03:42.557Z"}
{"level":"warn","message":"ERROR IN CATCHING PRODUCRS: MongooseError: Operation `products.find()` buffering timed out after 10000ms","timestamp":"2024-12-23T05:03:42.570Z"}
{"level":"warn","message":"ERROR IN CATCHING PRODUCRS: MongooseError: Operation `products.find()` buffering timed out after 10000ms","timestamp":"2024-12-23T05:03:42.587Z"}
{"level":"warn","message":"ERROR IN CATCHING PRODUCRS: MongooseError: Operation `products.find()` buffering timed out after 10000ms","timestamp":"2024-12-23T05:03:42.595Z"}
{"level":"warn","message":"ERROR IN CATCHING PRODUCRS: MongooseError: Operation `products.find()` buffering timed out after 10000ms","timestamp":"2024-12-23T05:03:44.377Z"}
{"level":"warn","message":"ERROR IN CATCHING PRODUCRS: MongooseError: Operation `products.find()` buffering timed out after 10000ms","timestamp":"2024-12-23T05:03:52.847Z"}
{"level":"warn","message":"ERROR IN CATCHING PRODUCRS: MongooseError: Operation `products.find()` buffering timed out after 10000ms","timestamp":"2024-12-23T05:03:52.856Z"}
{"level":"warn","message":"ERROR IN CATCHING PRODUCRS: MongooseError: Operation `products.find()` buffering timed out after 10000ms","timestamp":"2024-12-23T05:07:07.547Z"}
{"level":"warn","message":"ERROR IN CATCHING PRODUCRS: MongooseError: Operation `products.find()` buffering timed out after 10000ms","timestamp":"2024-12-23T05:07:07.555Z"}
{"level":"warn","message":"ERROR IN CATCHING PRODUCRS: MongooseError: Operation `products.find()` buffering timed out after 10000ms","timestamp":"2024-12-23T05:07:07.563Z"}
{"level":"warn","message":"ERROR IN CATCHING PRODUCRS: MongooseError: Operation `products.find()` buffering timed out after 10000ms","timestamp":"2024-12-23T05:07:07.569Z"}
{"level":"warn","message":"ERROR IN CATCHING PRODUCRS: MongooseError: Operation `products.find()` buffering timed out after 10000ms","timestamp":"2024-12-23T05:07:07.593Z"}
{"level":"warn","message":"ERROR IN CATCHING PRODUCRS: MongooseError: Operation `products.find()` buffering timed out after 10000ms","timestamp":"2024-12-23T05:07:18.005Z"}
{"level":"warn","message":"ERROR IN CATCHING PRODUCRS: MongooseError: Operation `products.find()` buffering timed out after 10000ms","timestamp":"2024-12-23T05:07:18.011Z"}
{"level":"warn","message":"ERROR IN CATCHING PRODUCRS: MongooseError: Operation `products.find()` buffering timed out after 10000ms","timestamp":"2024-12-23T05:07:18.017Z"}
{"level":"warn","message":"ERROR IN CATCHING PRODUCRS: MongooseError: Operation `products.find()` buffering timed out after 10000ms","timestamp":"2024-12-23T05:07:18.025Z"}
{"level":"warn","message":"ERROR IN CATCHING PRODUCRS: MongooseError: Operation `products.find()` buffering timed out after 10000ms","timestamp":"2024-12-23T05:09:46.000Z"}
{"level":"warn","message":"ERROR IN CATCHING PRODUCRS: MongooseError: Operation `products.find()` buffering timed out after 10000ms","timestamp":"2024-12-23T05:09:46.024Z"}
{"level":"warn","message":"ERROR IN CATCHING PRODUCRS: MongooseError: Operation `products.find()` buffering timed out after 10000ms","timestamp":"2024-12-23T05:09:46.034Z"}
{"level":"warn","message":"ERROR IN CATCHING PRODUCRS: MongooseError: Operation `products.find()` buffering timed out after 10000ms","timestamp":"2024-12-23T05:09:46.051Z"}
{"level":"warn","message":"ERROR IN CATCHING PRODUCRS: MongooseError: Operation `products.find()` buffering timed out after 10000ms","timestamp":"2024-12-23T05:09:46.070Z"}
{"level":"warn","message":"ERROR IN CATCHING PRODUCRS: MongooseError: Operation `products.find()` buffering timed out after 10000ms","timestamp":"2024-12-23T05:09:56.434Z"}
{"level":"warn","message":"ERROR IN CATCHING PRODUCRS: MongooseError: Operation `products.find()` buffering timed out after 10000ms","timestamp":"2024-12-23T05:09:56.451Z"}
{"level":"warn","message":"ERROR IN CATCHING PRODUCRS: MongooseError: Operation `products.find()` buffering timed out after 10000ms","timestamp":"2024-12-23T05:09:56.481Z"}
{"level":"warn","message":"ERROR IN CATCHING PRODUCRS: MongooseError: Operation `products.find()` buffering timed out after 10000ms","timestamp":"2024-12-23T05:09:56.527Z"}
{"level":"warn","message":"ERROR IN CATCHING PRODUCRS: MongooseError: Operation `products.find()` buffering timed out after 10000ms","timestamp":"2024-12-23T05:13:56.151Z"}
{"level":"warn","message":"ERROR IN CATCHING PRODUCRS: MongooseError: Operation `products.find()` buffering timed out after 10000ms","timestamp":"2024-12-23T05:15:35.481Z"}
{"level":"warn","message":"ERROR IN CATCHING PRODUCRS: MongooseError: Operation `products.find()` buffering timed out after 10000ms","timestamp":"2024-12-23T05:21:31.926Z"}
{"level":"warn","message":"ERROR IN CATCHING PRODUCRS: MongooseError: Operation `products.find()` buffering timed out after 10000ms","timestamp":"2024-12-23T05:21:40.065Z"}
{"level":"error","message":"Error fetching products: querySrv ETIMEOUT _mongodb._tcp.cluster0.vzobi.mongodb.net","timestamp":"2024-12-23T05:39:45.303Z"}
{"code":"ETIMEOUT","hostname":"_mongodb._tcp.cluster0.vzobi.mongodb.net","level":"error","message":"Error registering user: querySrv ETIMEOUT _mongodb._tcp.cluster0.vzobi.mongodb.net","stack":"Error: querySrv ETIMEOUT _mongodb._tcp.cluster0.vzobi.mongodb.net\n    at __node_internal_captureLargerStackTrace (node:internal/errors:563:5)\n    at __node_internal_ (node:internal/errors:782:10)\n    at QueryReqWrap.onresolve [as oncomplete] (node:internal/dns/promises:275:17)\n    at QueryReqWrap.callbackTrampoline (node:internal/async_hooks:130:17)","syscall":"querySrv","timestamp":"2024-12-23T05:48:28.879Z"}
{"level":"error","message":"Error fetching products: querySrv ETIMEOUT _mongodb._tcp.cluster0.vzobi.mongodb.net","timestamp":"2024-12-23T05:50:08.444Z"}
{"level":"error","message":"Error fetching products: querySrv ETIMEOUT _mongodb._tcp.cluster0.vzobi.mongodb.net","timestamp":"2024-12-23T05:52:10.004Z"}
{"level":"error","message":"Error fetching products: querySrv ETIMEOUT _mongodb._tcp.cluster0.vzobi.mongodb.net","timestamp":"2024-12-23T05:54:52.113Z"}
{"level":"error","message":"Error fetching products: queryTxt ETIMEOUT cluster0.vzobi.mongodb.net","timestamp":"2024-12-23T05:55:56.894Z"}
{"level":"error","message":"Error fetching products: querySrv ETIMEOUT _mongodb._tcp.crud.s8tqc.mongodb.net","timestamp":"2024-12-23T06:01:40.611Z"}
{"level":"error","message":"Error fetching products: getaddrinfo ENOTFOUND crud-shard-00-01.s8tqc.mongodb.net","timestamp":"2024-12-23T06:05:31.247Z"}
{"level":"error","message":"Error fetching products: querySrv ETIMEOUT _mongodb._tcp.cluster0.vzobi.mongodb.net","timestamp":"2024-12-23T06:07:10.963Z"}
{"level":"error","message":"Error fetching products: querySrv ETIMEOUT _mongodb._tcp.cluster0.vzobi.mongodb.net","timestamp":"2024-12-23T06:09:33.084Z"}
{"level":"error","message":"Error fetching products: Invalid scheme, expected connection string to start with \"mongodb://\" or \"mongodb+srv://\"","timestamp":"2024-12-23T06:15:15.221Z"}
{"level":"error","message":"Error fetching products: Invalid scheme, expected connection string to start with \"mongodb://\" or \"mongodb+srv://\"","timestamp":"2024-12-23T06:15:18.319Z"}
{"level":"error","message":"Error fetching products: Invalid scheme, expected connection string to start with \"mongodb://\" or \"mongodb+srv://\"","timestamp":"2024-12-23T06:20:48.602Z"}
{"level":"error","message":"Error fetching products: Invalid scheme, expected connection string to start with \"mongodb://\" or \"mongodb+srv://\"","timestamp":"2024-12-23T06:20:51.753Z"}
{"level":"error","message":"Error fetching products: queryTxt ETIMEOUT test.bcy91.mongodb.net","timestamp":"2024-12-23T06:26:14.936Z"}
{"level":"error","message":"Error fetching products: querySrv ETIMEOUT _mongodb._tcp.test.bcy91.mongodb.net","timestamp":"2024-12-23T06:28:03.608Z"}
{"level":"info","message":"Email sent to test-tow@gmail.com with subject: CONFIRM_EMAIL","timestamp":"2024-12-23T12:38:20.888Z"}
{"level":"info","message":"User registered successfully: test-tow@gmail.com","timestamp":"2024-12-23T12:38:20.893Z"}
{"level":"info","message":"Email sent to adfdfasd@gmail.com with subject: CONFIRM_EMAIL","timestamp":"2024-12-23T12:42:42.828Z"}
{"level":"info","message":"User registered successfully: adfdfasd@gmail.com","timestamp":"2024-12-23T12:42:42.829Z"}
{"level":"error","message":"Database connection not established","timestamp":"2024-12-23T16:47:04.139Z"}
{"level":"error","message":"Database connection not established","timestamp":"2024-12-23T16:47:05.287Z"}
{"level":"error","message":"Database connection not established","timestamp":"2024-12-23T16:47:30.534Z"}
{"level":"error","message":"Database connection not established","timestamp":"2024-12-23T16:47:35.394Z"}
{"level":"error","message":"Database connection not established","timestamp":"2024-12-23T16:47:38.448Z"}
{"level":"error","message":"Database connection not established","timestamp":"2024-12-23T16:47:39.137Z"}
{"level":"error","message":"Database connection not established","timestamp":"2024-12-23T16:47:51.480Z"}
{"level":"error","message":"Database connection not established","timestamp":"2024-12-23T16:47:52.085Z"}
{"level":"error","message":"Database connection not established","timestamp":"2024-12-23T16:48:16.903Z"}
{"level":"error","message":"Database connection not established","timestamp":"2024-12-23T16:48:17.439Z"}
{"level":"error","message":"Database connection not established","timestamp":"2024-12-23T16:48:29.816Z"}
{"level":"error","message":"Database connection not established","timestamp":"2024-12-23T16:48:30.440Z"}
{"level":"error","message":"Error fetching products: read ECONNRESET","timestamp":"2024-12-26T16:05:59.920Z"}
{"level":"error","message":"Database connection not established","timestamp":"2024-12-26T16:06:23.317Z"}
{"level":"error","message":"Database connection not established","timestamp":"2024-12-26T16:06:26.906Z"}
{"level":"error","message":"Database connection not established","timestamp":"2024-12-26T16:06:32.512Z"}
{"level":"error","message":"Database connection not established","timestamp":"2024-12-26T16:06:36.966Z"}
{"level":"error","message":"Database connection not established","timestamp":"2024-12-26T16:06:42.921Z"}
{"level":"error","message":"Database connection not established","timestamp":"2024-12-26T16:06:57.203Z"}
{"level":"error","message":"Database connection not established","timestamp":"2024-12-26T16:07:17.305Z"}
{"level":"error","message":"Database connection not established","timestamp":"2024-12-26T16:10:41.807Z"}
{"level":"error","message":"Database connection not established","timestamp":"2024-12-26T16:10:47.090Z"}
{"level":"error","message":"Error fetching products: querySrv ETIMEOUT _mongodb._tcp.cluster0.vzobi.mongodb.net","timestamp":"2025-01-04T05:39:38.947Z"}
{"level":"error","message":"Error fetching products: querySrv ETIMEOUT _mongodb._tcp.cluster0.vzobi.mongodb.net","timestamp":"2025-01-04T05:39:38.956Z"}
{"level":"error","message":"Error fetching products: querySrv ETIMEOUT _mongodb._tcp.cluster0.vzobi.mongodb.net","timestamp":"2025-01-04T05:39:38.959Z"}
{"level":"error","message":"Error fetching products: querySrv ETIMEOUT _mongodb._tcp.cluster0.vzobi.mongodb.net","timestamp":"2025-01-04T05:39:38.962Z"}
{"level":"error","message":"Error fetching products: querySrv ETIMEOUT _mongodb._tcp.cluster0.vzobi.mongodb.net","timestamp":"2025-01-04T05:39:38.964Z"}
{"level":"error","message":"Error fetching products: querySrv ETIMEOUT _mongodb._tcp.cluster0.vzobi.mongodb.net","timestamp":"2025-01-04T05:39:38.965Z"}
{"level":"error","message":"Error fetching products: querySrv ETIMEOUT _mongodb._tcp.cluster0.vzobi.mongodb.net","timestamp":"2025-01-04T05:46:28.086Z"}
{"level":"error","message":"Error fetching products: querySrv ETIMEOUT _mongodb._tcp.cluster0.vzobi.mongodb.net","timestamp":"2025-01-04T05:55:01.591Z"}
{"level":"error","message":"Error fetching products: querySrv ETIMEOUT _mongodb._tcp.cluster0.vzobi.mongodb.net","timestamp":"2025-01-04T05:55:01.594Z"}
{"level":"error","message":"Error fetching products: querySrv ETIMEOUT _mongodb._tcp.cluster0.vzobi.mongodb.net","timestamp":"2025-01-04T05:55:01.597Z"}
{"level":"error","message":"Error fetching products: querySrv ETIMEOUT _mongodb._tcp.cluster0.vzobi.mongodb.net","timestamp":"2025-01-04T05:55:01.600Z"}
{"level":"error","message":"Error fetching products: querySrv ETIMEOUT _mongodb._tcp.cluster0.vzobi.mongodb.net","timestamp":"2025-01-04T05:55:01.603Z"}
{"level":"error","message":"Error fetching products: querySrv ETIMEOUT _mongodb._tcp.cluster0.vzobi.mongodb.net","timestamp":"2025-01-04T05:55:01.605Z"}
{"level":"error","message":"Error fetching products: getaddrinfo ENOTFOUND cluster0-shard-00-01.vzobi.mongodb.net","timestamp":"2025-01-04T06:11:19.953Z"}
{"level":"error","message":"Database connection not established","timestamp":"2025-01-04T06:11:46.907Z"}
